This file contains any messages produced by compilers while
running configure, to aid debugging if configure makes a mistake.

It was created by Google C++ Testing Framework configure 1.4.0, which was
generated by GNU Autoconf 2.61.  Invocation command line was

  $ ./configure --prefix=/usr/local --cache-file=/dev/null --srcdir=.

## --------- ##
## Platform. ##
## --------- ##

hostname = SKY-20130409USK
uname -m = i686
uname -r = 1.7.18(0.263/5/3)
uname -s = CYGWIN_NT-6.1-WOW64
uname -v = 2013-04-19 10:39

/usr/bin/uname -p = unknown
/bin/uname -X     = unknown

/bin/arch              = i686
/usr/bin/arch -k       = unknown
/usr/convex/getsysinfo = unknown
/usr/bin/hostinfo      = unknown
/bin/machine           = unknown
/usr/bin/oslevel       = unknown
/bin/universe          = unknown

PATH: /cygdrive/e/android-dev/apache-ant-1.9.0/bin
PATH: /usr/local/bin
PATH: /usr/bin
PATH: /cygdrive/c/Python27/Lib/site-packages/PyQt4
PATH: /cygdrive/c/Windows/system32
PATH: /cygdrive/c/Windows
PATH: /cygdrive/c/Windows/System32/Wbem
PATH: /cygdrive/c/Windows/System32/WindowsPowerShell/v1.0
PATH: /cygdrive/c/Program Files/TortoiseSVN/bin
PATH: /cygdrive/d/android/adt-bundle-windows-x86_64/sdk/tools
PATH: /cygdrive/d/android/adt-bundle-windows-x86_64/sdk/platform-tools
PATH: /cygdrive/c/Program Files/Java/jdk1.7.0_21/bin
PATH: /cygdrive/c/Program Files/Java/jdk1.7.0_21/jre/bin
PATH: /cygdrive/e/android-dev/apache-ant-1.9.0/bin
PATH: /cygdrive/d/mongo-db/bin
PATH: /cygdrive/c/Python27
PATH: /cygdrive/d/protoc-2.3.0-win32
PATH: /usr/lib/lapack


## ----------- ##
## Core tests. ##
## ----------- ##

configure:1997: checking for a BSD-compatible install
configure:2053: result: /usr/bin/install -c
configure:2064: checking whether build environment is sane
configure:2107: result: yes
configure:2135: checking for a thread-safe mkdir -p
configure:2174: result: /usr/bin/mkdir -p
configure:2187: checking for gawk
configure:2203: found /usr/bin/gawk
configure:2214: result: gawk
configure:2225: checking whether make sets $(MAKE)
configure:2246: result: yes
configure:2484: checking for gcc
configure:2500: found /usr/bin/gcc
configure:2511: result: gcc
configure:2749: checking for C compiler version
configure:2756: gcc --version >&5
gcc (GCC) 4.5.3
Copyright (C) 2010 Free Software Foundation, Inc.
This is free software; see the source for copying conditions.  There is NO
warranty; not even for MERCHANTABILITY or FITNESS FOR A PARTICULAR PURPOSE.

configure:2759: $? = 0
configure:2766: gcc -v >&5
Using built-in specs.
COLLECT_GCC=gcc
COLLECT_LTO_WRAPPER=/usr/lib/gcc/i686-pc-cygwin/4.5.3/lto-wrapper.exe
Target: i686-pc-cygwin
Configured with: /gnu/gcc/releases/respins/4.5.3-3/gcc4-4.5.3-3/src/gcc-4.5.3/configure --srcdir=/gnu/gcc/releases/respins/4.5.3-3/gcc4-4.5.3-3/src/gcc-4.5.3 --prefix=/usr --exec-prefix=/usr --bindir=/usr/bin --sbindir=/usr/sbin --libexecdir=/usr/lib --datadir=/usr/share --localstatedir=/var --sysconfdir=/etc --datarootdir=/usr/share --docdir=/usr/share/doc/gcc4 -C --datadir=/usr/share --infodir=/usr/share/info --mandir=/usr/share/man -v --with-gmp=/usr --with-mpfr=/usr --enable-bootstrap --enable-version-specific-runtime-libs --libexecdir=/usr/lib --enable-static --enable-shared --enable-shared-libgcc --disable-__cxa_atexit --with-gnu-ld --with-gnu-as --with-dwarf2 --disable-sjlj-exceptions --enable-languages=ada,c,c++,fortran,java,lto,objc,obj-c++ --enable-graphite --enable-lto --enable-java-awt=gtk --disable-symvers --enable-libjava --program-suffix=-4 --enable-libgomp --enable-libssp --enable-libada --enable-threads=posix --with-arch=i686 --with-tune=generic --enable-libgcj-sublibs CC=gcc-4 CXX=g++-4 CC_FOR_TARGET=gcc-4 CXX_FOR_TARGET=g++-4 GNATMAKE_FOR_TARGET=gnatmake GNATBIND_FOR_TARGET=gnatbind --with-ecj-jar=/usr/share/java/ecj.jar
Thread model: posix
gcc version 4.5.3 (GCC) 
configure:2769: $? = 0
configure:2776: gcc -V >&5
gcc: '-V' option must have argument
configure:2779: $? = 1
configure:2802: checking for C compiler default output file name
configure:2829: gcc    conftest.c  >&5
configure:2832: $? = 0
configure:2870: result: a.exe
configure:2887: checking whether the C compiler works
configure:2897: ./a.exe
configure:2900: $? = 0
configure:2917: result: yes
configure:2924: checking whether we are cross compiling
configure:2926: result: no
configure:2929: checking for suffix of executables
configure:2936: gcc -o conftest.exe    conftest.c  >&5
configure:2939: $? = 0
configure:2963: result: .exe
configure:2969: checking for suffix of object files
configure:2995: gcc -c   conftest.c >&5
configure:2998: $? = 0
configure:3021: result: o
configure:3025: checking whether we are using the GNU C compiler
configure:3054: gcc -c   conftest.c >&5
configure:3060: $? = 0
configure:3077: result: yes
configure:3082: checking whether gcc accepts -g
configure:3112: gcc -c -g  conftest.c >&5
configure:3118: $? = 0
configure:3217: result: yes
configure:3234: checking for gcc option to accept ISO C89
configure:3308: gcc  -c   conftest.c >&5
configure:3314: $? = 0
configure:3337: result: none needed
configure:3366: checking for style of include used by make
configure:3394: result: GNU
configure:3419: checking dependency style of gcc
configure:3510: result: gcc3
configure:3583: checking for g++
configure:3599: found /usr/bin/g++
configure:3610: result: g++
configure:3641: checking for C++ compiler version
configure:3648: g++ --version >&5
g++ (GCC) 4.5.3
Copyright (C) 2010 Free Software Foundation, Inc.
This is free software; see the source for copying conditions.  There is NO
warranty; not even for MERCHANTABILITY or FITNESS FOR A PARTICULAR PURPOSE.

configure:3651: $? = 0
configure:3658: g++ -v >&5
Using built-in specs.
COLLECT_GCC=g++
COLLECT_LTO_WRAPPER=/usr/lib/gcc/i686-pc-cygwin/4.5.3/lto-wrapper.exe
Target: i686-pc-cygwin
Configured with: /gnu/gcc/releases/respins/4.5.3-3/gcc4-4.5.3-3/src/gcc-4.5.3/configure --srcdir=/gnu/gcc/releases/respins/4.5.3-3/gcc4-4.5.3-3/src/gcc-4.5.3 --prefix=/usr --exec-prefix=/usr --bindir=/usr/bin --sbindir=/usr/sbin --libexecdir=/usr/lib --datadir=/usr/share --localstatedir=/var --sysconfdir=/etc --datarootdir=/usr/share --docdir=/usr/share/doc/gcc4 -C --datadir=/usr/share --infodir=/usr/share/info --mandir=/usr/share/man -v --with-gmp=/usr --with-mpfr=/usr --enable-bootstrap --enable-version-specific-runtime-libs --libexecdir=/usr/lib --enable-static --enable-shared --enable-shared-libgcc --disable-__cxa_atexit --with-gnu-ld --with-gnu-as --with-dwarf2 --disable-sjlj-exceptions --enable-languages=ada,c,c++,fortran,java,lto,objc,obj-c++ --enable-graphite --enable-lto --enable-java-awt=gtk --disable-symvers --enable-libjava --program-suffix=-4 --enable-libgomp --enable-libssp --enable-libada --enable-threads=posix --with-arch=i686 --with-tune=generic --enable-libgcj-sublibs CC=gcc-4 CXX=g++-4 CC_FOR_TARGET=gcc-4 CXX_FOR_TARGET=g++-4 GNATMAKE_FOR_TARGET=gnatmake GNATBIND_FOR_TARGET=gnatbind --with-ecj-jar=/usr/share/java/ecj.jar
Thread model: posix
gcc version 4.5.3 (GCC) 
configure:3661: $? = 0
configure:3668: g++ -V >&5
g++: '-V' option must have argument
configure:3671: $? = 1
configure:3674: checking whether we are using the GNU C++ compiler
configure:3703: g++ -c  -g -DNDEBUG  conftest.cpp >&5
configure:3709: $? = 0
configure:3726: result: yes
configure:3731: checking whether g++ accepts -g
configure:3761: g++ -c -g  conftest.cpp >&5
configure:3767: $? = 0
configure:3866: result: yes
configure:3891: checking dependency style of g++
configure:3982: result: gcc3
configure:4034: checking build system type
configure:4052: result: i686-pc-cygwin
configure:4074: checking host system type
configure:4089: result: i686-pc-cygwin
configure:4111: checking for a sed that does not truncate output
configure:4190: result: /usr/bin/sed
configure:4208: checking for grep that handles long lines and -e
configure:4282: result: /usr/bin/grep
configure:4287: checking for egrep
configure:4365: result: /usr/bin/grep -E
configure:4370: checking for fgrep
configure:4448: result: /usr/bin/grep -F
configure:4483: checking for ld used by gcc
configure:4550: result: /usr/i686-pc-cygwin/bin/ld.exe
configure:4559: checking if the linker (/usr/i686-pc-cygwin/bin/ld.exe) is GNU ld
configure:4574: result: yes
configure:4586: checking for BSD- or MS-compatible name lister (nm)
configure:4635: result: /usr/bin/nm -B
configure:4757: checking the name lister (/usr/bin/nm -B) interface
configure:4764: g++ -c  -g -DNDEBUG  conftest.cpp >&5
configure:4767: /usr/bin/nm -B "conftest.o"
configure:4770: output
00000000 b .bss
00000000 d .data
00000000 N .debug_abbrev
00000000 N .debug_info
00000000 N .debug_line
00000000 N .debug_pubnames
00000000 t .text
00000000 B _some_variable
configure:4777: result: BSD nm
configure:4780: checking whether ln -s works
configure:4784: result: yes
configure:4792: checking the maximum length of command line arguments
configure:4912: result: 8192
configure:4929: checking whether the shell understands some XSI constructs
configure:4939: result: yes
configure:4943: checking whether the shell understands "+="
configure:4949: result: yes
configure:4984: checking for /usr/i686-pc-cygwin/bin/ld.exe option to reload object files
configure:4991: result: -r
configure:5018: checking how to recognize dependent libraries
configure:5208: result: file_magic ^x86 archive import|^x86 DLL
configure:5268: checking for ar
configure:5284: found /usr/bin/ar
configure:5295: result: ar
configure:5377: checking for strip
configure:5393: found /usr/bin/strip
configure:5404: result: strip
configure:5480: checking for ranlib
configure:5496: found /usr/bin/ranlib
configure:5507: result: ranlib
configure:5601: checking command to parse /usr/bin/nm -B output from gcc object
configure:5719: g++ -c  -g -DNDEBUG  conftest.cpp >&5
configure:5722: $? = 0
configure:5726: /usr/bin/nm -B conftest.o \| sed -n -e 's/^.*[	 ]\([ABCDGIRSTW][ABCDGIRSTW]*\)[	 ][	 ]*\([_A-Za-z][_A-Za-z0-9]*\)$/\1 \2 \2/p' \> conftest.nm
configure:5729: $? = 0
cannot find nm_test_var in conftest.nm
configure:5719: g++ -c  -g -DNDEBUG  conftest.cpp >&5
configure:5722: $? = 0
configure:5726: /usr/bin/nm -B conftest.o \| sed -n -e 's/^.*[	 ]\([ABCDGIRSTW][ABCDGIRSTW]*\)[	 ][	 ]*_\([_A-Za-z][_A-Za-z0-9]*\)$/\1 _\2 \2/p' \> conftest.nm
configure:5729: $? = 0
configure:5783: g++ -o conftest.exe  -g -DNDEBUG   conftest.cpp conftstm.o >&5
configure:5786: $? = 0
configure:5824: result: ok
configure:6703: checking how to run the C preprocessor
configure:6743: gcc -E  conftest.c
configure:6749: $? = 0
configure:6780: gcc -E  conftest.c
conftest.c:10:28: fatal error: ac_nonexistent.h: No such file or directory
compilation terminated.
configure:6786: $? = 1
configure: failed program was:
| /* confdefs.h.  */
| #define PACKAGE_NAME "Google C++ Testing Framework"
| #define PACKAGE_TARNAME "gtest"
| #define PACKAGE_VERSION "1.4.0"
| #define PACKAGE_STRING "Google C++ Testing Framework 1.4.0"
| #define PACKAGE_BUGREPORT "googletestframework@googlegroups.com"
| #define PACKAGE "gtest"
| #define VERSION "1.4.0"
| /* end confdefs.h.  */
| #include <ac_nonexistent.h>
configure:6819: result: gcc -E
configure:6848: gcc -E  conftest.c
configure:6854: $? = 0
configure:6885: gcc -E  conftest.c
conftest.c:10:28: fatal error: ac_nonexistent.h: No such file or directory
compilation terminated.
configure:6891: $? = 1
configure: failed program was:
| /* confdefs.h.  */
| #define PACKAGE_NAME "Google C++ Testing Framework"
| #define PACKAGE_TARNAME "gtest"
| #define PACKAGE_VERSION "1.4.0"
| #define PACKAGE_STRING "Google C++ Testing Framework 1.4.0"
| #define PACKAGE_BUGREPORT "googletestframework@googlegroups.com"
| #define PACKAGE "gtest"
| #define VERSION "1.4.0"
| /* end confdefs.h.  */
| #include <ac_nonexistent.h>
configure:6929: checking for ANSI C header files
configure:6959: gcc -c   conftest.c >&5
configure:6965: $? = 0
configure:7064: gcc -o conftest.exe    conftest.c  >&5
configure:7067: $? = 0
configure:7073: ./conftest.exe
configure:7076: $? = 0
configure:7093: result: yes
configure:7117: checking for sys/types.h
configure:7138: gcc -c   conftest.c >&5
configure:7144: $? = 0
configure:7160: result: yes
configure:7117: checking for sys/stat.h
configure:7138: gcc -c   conftest.c >&5
configure:7144: $? = 0
configure:7160: result: yes
configure:7117: checking for stdlib.h
configure:7138: gcc -c   conftest.c >&5
configure:7144: $? = 0
configure:7160: result: yes
configure:7117: checking for string.h
configure:7138: gcc -c   conftest.c >&5
configure:7144: $? = 0
configure:7160: result: yes
configure:7117: checking for memory.h
configure:7138: gcc -c   conftest.c >&5
configure:7144: $? = 0
configure:7160: result: yes
configure:7117: checking for strings.h
configure:7138: gcc -c   conftest.c >&5
configure:7144: $? = 0
configure:7160: result: yes
configure:7117: checking for inttypes.h
configure:7138: gcc -c   conftest.c >&5
configure:7144: $? = 0
configure:7160: result: yes
configure:7117: checking for stdint.h
configure:7138: gcc -c   conftest.c >&5
configure:7144: $? = 0
configure:7160: result: yes
configure:7117: checking for unistd.h
configure:7138: gcc -c   conftest.c >&5
configure:7144: $? = 0
configure:7160: result: yes
configure:7176: checking for dlfcn.h
configure:7197: gcc -c   conftest.c >&5
configure:7203: $? = 0
configure:7219: result: yes
configure:7348: checking for C++ compiler version
configure:7355: g++ --version >&5
g++ (GCC) 4.5.3
Copyright (C) 2010 Free Software Foundation, Inc.
This is free software; see the source for copying conditions.  There is NO
warranty; not even for MERCHANTABILITY or FITNESS FOR A PARTICULAR PURPOSE.

configure:7358: $? = 0
configure:7365: g++ -v >&5
Using built-in specs.
COLLECT_GCC=g++
COLLECT_LTO_WRAPPER=/usr/lib/gcc/i686-pc-cygwin/4.5.3/lto-wrapper.exe
Target: i686-pc-cygwin
Configured with: /gnu/gcc/releases/respins/4.5.3-3/gcc4-4.5.3-3/src/gcc-4.5.3/configure --srcdir=/gnu/gcc/releases/respins/4.5.3-3/gcc4-4.5.3-3/src/gcc-4.5.3 --prefix=/usr --exec-prefix=/usr --bindir=/usr/bin --sbindir=/usr/sbin --libexecdir=/usr/lib --datadir=/usr/share --localstatedir=/var --sysconfdir=/etc --datarootdir=/usr/share --docdir=/usr/share/doc/gcc4 -C --datadir=/usr/share --infodir=/usr/share/info --mandir=/usr/share/man -v --with-gmp=/usr --with-mpfr=/usr --enable-bootstrap --enable-version-specific-runtime-libs --libexecdir=/usr/lib --enable-static --enable-shared --enable-shared-libgcc --disable-__cxa_atexit --with-gnu-ld --with-gnu-as --with-dwarf2 --disable-sjlj-exceptions --enable-languages=ada,c,c++,fortran,java,lto,objc,obj-c++ --enable-graphite --enable-lto --enable-java-awt=gtk --disable-symvers --enable-libjava --program-suffix=-4 --enable-libgomp --enable-libssp --enable-libada --enable-threads=posix --with-arch=i686 --with-tune=generic --enable-libgcj-sublibs CC=gcc-4 CXX=g++-4 CC_FOR_TARGET=gcc-4 CXX_FOR_TARGET=g++-4 GNATMAKE_FOR_TARGET=gnatmake GNATBIND_FOR_TARGET=gnatbind --with-ecj-jar=/usr/share/java/ecj.jar
Thread model: posix
gcc version 4.5.3 (GCC) 
configure:7368: $? = 0
configure:7375: g++ -V >&5
g++: '-V' option must have argument
configure:7378: $? = 1
configure:7381: checking whether we are using the GNU C++ compiler
configure:7433: result: yes
configure:7438: checking whether g++ accepts -g
configure:7573: result: yes
configure:7598: checking dependency style of g++
configure:7689: result: gcc3
configure:7712: checking how to run the C++ preprocessor
configure:7748: g++ -E  conftest.cpp
configure:7754: $? = 0
configure:7785: g++ -E  conftest.cpp
conftest.cpp:21:28: fatal error: ac_nonexistent.h: No such file or directory
compilation terminated.
configure:7791: $? = 1
configure: failed program was:
| /* confdefs.h.  */
| #define PACKAGE_NAME "Google C++ Testing Framework"
| #define PACKAGE_TARNAME "gtest"
| #define PACKAGE_VERSION "1.4.0"
| #define PACKAGE_STRING "Google C++ Testing Framework 1.4.0"
| #define PACKAGE_BUGREPORT "googletestframework@googlegroups.com"
| #define PACKAGE "gtest"
| #define VERSION "1.4.0"
| #define STDC_HEADERS 1
| #define HAVE_SYS_TYPES_H 1
| #define HAVE_SYS_STAT_H 1
| #define HAVE_STDLIB_H 1
| #define HAVE_STRING_H 1
| #define HAVE_MEMORY_H 1
| #define HAVE_STRINGS_H 1
| #define HAVE_INTTYPES_H 1
| #define HAVE_STDINT_H 1
| #define HAVE_UNISTD_H 1
| #define HAVE_DLFCN_H 1
| /* end confdefs.h.  */
| #include <ac_nonexistent.h>
configure:7824: result: g++ -E
configure:7853: g++ -E  conftest.cpp
configure:7859: $? = 0
configure:7890: g++ -E  conftest.cpp
conftest.cpp:21:28: fatal error: ac_nonexistent.h: No such file or directory
compilation terminated.
configure:7896: $? = 1
configure: failed program was:
| /* confdefs.h.  */
| #define PACKAGE_NAME "Google C++ Testing Framework"
| #define PACKAGE_TARNAME "gtest"
| #define PACKAGE_VERSION "1.4.0"
| #define PACKAGE_STRING "Google C++ Testing Framework 1.4.0"
| #define PACKAGE_BUGREPORT "googletestframework@googlegroups.com"
| #define PACKAGE "gtest"
| #define VERSION "1.4.0"
| #define STDC_HEADERS 1
| #define HAVE_SYS_TYPES_H 1
| #define HAVE_SYS_STAT_H 1
| #define HAVE_STDLIB_H 1
| #define HAVE_STRING_H 1
| #define HAVE_MEMORY_H 1
| #define HAVE_STRINGS_H 1
| #define HAVE_INTTYPES_H 1
| #define HAVE_STDINT_H 1
| #define HAVE_UNISTD_H 1
| #define HAVE_DLFCN_H 1
| /* end confdefs.h.  */
| #include <ac_nonexistent.h>
configure:8108: checking for objdir
configure:8123: result: .libs
configure:8415: checking if gcc supports -fno-rtti -fno-exceptions
configure:8433: gcc -c   -fno-rtti -fno-exceptions conftest.c >&5
cc1: warning: command line option "-fno-rtti" is valid for C++/ObjC++ but not for C
configure:8437: $? = 0
configure:8450: result: no
configure:8470: checking for gcc option to produce PIC
configure:8727: result: -DDLL_EXPORT -DPIC
configure:8739: checking if gcc PIC flag -DDLL_EXPORT -DPIC works
configure:8757: gcc -c   -DDLL_EXPORT -DPIC -DPIC conftest.c >&5
configure:8761: $? = 0
configure:8774: result: yes
configure:8798: checking if gcc static flag -static works
configure:8826: result: yes
configure:8841: checking if gcc supports -c -o file.o
configure:8862: gcc -c   -o out/conftest2.o conftest.c >&5
configure:8866: $? = 0
configure:8888: result: yes
configure:8896: checking if gcc supports -c -o file.o
configure:8943: result: yes
configure:8976: checking whether the gcc linker (/usr/i686-pc-cygwin/bin/ld.exe) supports shared libraries
configure:10030: result: yes
configure:10067: checking whether -lc should be explicitly linked in
configure:10072: gcc -c   conftest.c >&5
configure:10075: $? = 0
configure:10090: gcc -shared conftest.o  -v -o ./conftest -Wl,--enable-auto-image-base -Xlinker --out-implib -Xlinker conftest 2\>\&1 \| /usr/bin/grep  -lc  \>/dev/null 2\>\&1
configure:10093: $? = 1
configure:10105: result: yes
configure:10269: checking dynamic linker characteristics
configure:10948: result: Win32 ld.exe
configure:11050: checking how to hardcode library paths into programs
configure:11075: result: immediate
configure:11888: checking whether stripping libraries is possible
configure:11893: result: yes
configure:11928: checking if libtool supports shared libraries
configure:11930: result: yes
configure:11933: checking whether to build shared libraries
configure:11954: result: yes
configure:11957: checking whether to build static libraries
configure:11961: result: yes
configure:12111: checking for ld used by g++
configure:12178: result: /usr/i686-pc-cygwin/bin/ld.exe
configure:12187: checking if the linker (/usr/i686-pc-cygwin/bin/ld.exe) is GNU ld
configure:12202: result: yes
configure:12257: checking whether the g++ linker (/usr/i686-pc-cygwin/bin/ld.exe) supports shared libraries
configure:13219: result: yes
configure:13247: g++ -c  -g -DNDEBUG  conftest.cpp >&5
configure:13250: $? = 0
configure:13432: checking for g++ option to produce PIC
configure:13741: result: -DDLL_EXPORT -DPIC
configure:13750: checking if g++ PIC flag -DDLL_EXPORT -DPIC works
configure:13768: g++ -c  -g -DNDEBUG  -DDLL_EXPORT -DPIC -DPIC conftest.cpp >&5
configure:13772: $? = 0
configure:13785: result: yes
configure:13806: checking if g++ static flag -static works
configure:13834: result: yes
configure:13846: checking if g++ supports -c -o file.o
configure:13867: g++ -c  -g -DNDEBUG  -o out/conftest2.o conftest.cpp >&5
configure:13871: $? = 0
configure:13893: result: yes
configure:13898: checking if g++ supports -c -o file.o
configure:13945: result: yes
configure:13975: checking whether the g++ linker (/usr/i686-pc-cygwin/bin/ld.exe) supports shared libraries
configure:14001: result: yes
configure:14138: checking dynamic linker characteristics
configure:14765: result: Win32 ld.exe
configure:14816: checking how to hardcode library paths into programs
configure:14841: result: immediate
configure:14908: checking for python
configure:14926: found /usr/bin/python
configure:14939: result: /usr/bin/python
configure:14955: /usr/bin/python -c import sys, string # split strings by '.' and convert to numeric. Append some zeros # because we need at least 4 digits for the hex conversion. minver = map(int, string.split('2.3', '.')) + [0, 0, 0] minverhex = 0 for i in xrange(0, 4): minverhex = (minverhex << 8) + minver[i] sys.exit(sys.hexversion < minverhex)
configure:14958: $? = 0
configure:15169: checking for the pthreads library -lpthreads
configure:15212: gcc -o conftest.exe     conftest.c -lpthreads  >&5
/usr/lib/gcc/i686-pc-cygwin/4.5.3/../../../../i686-pc-cygwin/bin/ld: cannot find -lpthreads
collect2: ld returned 1 exit status
configure:15218: $? = 1
configure: failed program was:
| /* confdefs.h.  */
| #define PACKAGE_NAME "Google C++ Testing Framework"
| #define PACKAGE_TARNAME "gtest"
| #define PACKAGE_VERSION "1.4.0"
| #define PACKAGE_STRING "Google C++ Testing Framework 1.4.0"
| #define PACKAGE_BUGREPORT "googletestframework@googlegroups.com"
| #define PACKAGE "gtest"
| #define VERSION "1.4.0"
| #define STDC_HEADERS 1
| #define HAVE_SYS_TYPES_H 1
| #define HAVE_SYS_STAT_H 1
| #define HAVE_STDLIB_H 1
| #define HAVE_STRING_H 1
| #define HAVE_MEMORY_H 1
| #define HAVE_STRINGS_H 1
| #define HAVE_INTTYPES_H 1
| #define HAVE_STDINT_H 1
| #define HAVE_UNISTD_H 1
| #define HAVE_DLFCN_H 1
| #define LT_OBJDIR ".libs/"
| /* end confdefs.h.  */
| #include <pthread.h>
| int
| main ()
| {
| pthread_t th; pthread_join(th, 0);
|                      pthread_attr_init(0); pthread_cleanup_push(0, 0);
|                      pthread_create(0,0,0,0); pthread_cleanup_pop(0);
|   ;
|   return 0;
| }
configure:15238: result: no
configure:15114: checking whether pthreads work without any flags
configure:15212: gcc -o conftest.exe     conftest.c   >&5
configure:15218: $? = 0
configure:15238: result: yes
configure:15257: checking for joinable pthread attribute
configure:15282: gcc -o conftest.exe     conftest.c   >&5
configure:15288: $? = 0
configure:15305: result: PTHREAD_CREATE_JOINABLE
configure:15315: checking if more special flags are required for pthreads
configure:15322: result: no
configure:15411: checking whether to check for GCC pthread/shared inconsistencies
configure:15434: gcc -o conftest.exe -shared -fPIC -Wl,-z,defs     conftest.c   >&5
conftest.c:1:0: warning: -fPIC ignored for target (all code is position independent)
/usr/lib/gcc/i686-pc-cygwin/4.5.3/../../../../i686-pc-cygwin/bin/ld: unrecognized option '-z'
/usr/lib/gcc/i686-pc-cygwin/4.5.3/../../../../i686-pc-cygwin/bin/ld: use the --help option for usage information
collect2: ld returned 1 exit status
configure:15440: $? = 1
configure: failed program was:
| /* confdefs.h.  */
| #define PACKAGE_NAME "Google C++ Testing Framework"
| #define PACKAGE_TARNAME "gtest"
| #define PACKAGE_VERSION "1.4.0"
| #define PACKAGE_STRING "Google C++ Testing Framework 1.4.0"
| #define PACKAGE_BUGREPORT "googletestframework@googlegroups.com"
| #define PACKAGE "gtest"
| #define VERSION "1.4.0"
| #define STDC_HEADERS 1
| #define HAVE_SYS_TYPES_H 1
| #define HAVE_SYS_STAT_H 1
| #define HAVE_STDLIB_H 1
| #define HAVE_STRING_H 1
| #define HAVE_MEMORY_H 1
| #define HAVE_STRINGS_H 1
| #define HAVE_INTTYPES_H 1
| #define HAVE_STDINT_H 1
| #define HAVE_UNISTD_H 1
| #define HAVE_DLFCN_H 1
| #define LT_OBJDIR ".libs/"
| /* end confdefs.h.  */
| 
| int
| main ()
| {
| 
|   ;
|   return 0;
| }
configure:15458: result: no
configure:15830: creating ./config.status

## ---------------------- ##
## Running config.status. ##
## ---------------------- ##

This file was extended by Google C++ Testing Framework config.status 1.4.0, which was
generated by GNU Autoconf 2.61.  Invocation command line was

  CONFIG_FILES    = 
  CONFIG_HEADERS  = 
  CONFIG_LINKS    = 
  CONFIG_COMMANDS = 
  $ ./config.status 

on SKY-20130409USK

config.status:935: creating Makefile
config.status:935: creating scripts/gtest-config
config.status:935: creating build-aux/config.h
config.status:1211: executing depfiles commands
config.status:1211: executing libtool commands

## ---------------- ##
## Cache variables. ##
## ---------------- ##

ac_cv_build=i686-pc-cygwin
ac_cv_c_compiler_gnu=yes
ac_cv_cxx_compiler_gnu=yes
ac_cv_env_CCC_set=
ac_cv_env_CCC_value=
ac_cv_env_CC_set=
ac_cv_env_CC_value=
ac_cv_env_CFLAGS_set=set
ac_cv_env_CFLAGS_value=
ac_cv_env_CPPFLAGS_set=
ac_cv_env_CPPFLAGS_value=
ac_cv_env_CPP_set=
ac_cv_env_CPP_value=
ac_cv_env_CXXCPP_set=
ac_cv_env_CXXCPP_value=
ac_cv_env_CXXFLAGS_set=set
ac_cv_env_CXXFLAGS_value=' -g -DNDEBUG'
ac_cv_env_CXX_set=
ac_cv_env_CXX_value=
ac_cv_env_LDFLAGS_set=
ac_cv_env_LDFLAGS_value=
ac_cv_env_LIBS_set=
ac_cv_env_LIBS_value=
ac_cv_env_build_alias_set=
ac_cv_env_build_alias_value=
ac_cv_env_host_alias_set=
ac_cv_env_host_alias_value=
ac_cv_env_target_alias_set=
ac_cv_env_target_alias_value=
ac_cv_exeext=.exe
ac_cv_header_dlfcn_h=yes
ac_cv_header_inttypes_h=yes
ac_cv_header_memory_h=yes
ac_cv_header_stdc=yes
ac_cv_header_stdint_h=yes
ac_cv_header_stdlib_h=yes
ac_cv_header_string_h=yes
ac_cv_header_strings_h=yes
ac_cv_header_sys_stat_h=yes
ac_cv_header_sys_types_h=yes
ac_cv_header_unistd_h=yes
ac_cv_host=i686-pc-cygwin
ac_cv_objext=o
ac_cv_path_EGREP='/usr/bin/grep -E'
ac_cv_path_FGREP='/usr/bin/grep -F'
ac_cv_path_GREP=/usr/bin/grep
ac_cv_path_PYTHON=/usr/bin/python
ac_cv_path_SED=/usr/bin/sed
ac_cv_path_install='/usr/bin/install -c'
ac_cv_path_mkdir=/usr/bin/mkdir
ac_cv_prog_AWK=gawk
ac_cv_prog_CPP='gcc -E'
ac_cv_prog_CXXCPP='g++ -E'
ac_cv_prog_ac_ct_AR=ar
ac_cv_prog_ac_ct_CC=gcc
ac_cv_prog_ac_ct_CXX=g++
ac_cv_prog_ac_ct_RANLIB=ranlib
ac_cv_prog_ac_ct_STRIP=strip
ac_cv_prog_cc_c89=
ac_cv_prog_cc_g=yes
ac_cv_prog_cxx_g=yes
ac_cv_prog_make_make_set=yes
am_cv_CC_dependencies_compiler_type=gcc3
am_cv_CXX_dependencies_compiler_type=gcc3
lt_cv_deplibs_check_method='file_magic ^x86 archive import|^x86 DLL'
lt_cv_file_magic_cmd=func_win32_libid
lt_cv_file_magic_test_file=
lt_cv_ld_reload_flag=-r
lt_cv_nm_interface='BSD nm'
lt_cv_objdir=.libs
lt_cv_path_LD=/usr/i686-pc-cygwin/bin/ld.exe
lt_cv_path_LDCXX=/usr/i686-pc-cygwin/bin/ld.exe
lt_cv_path_NM='/usr/bin/nm -B'
lt_cv_prog_compiler_c_o=yes
lt_cv_prog_compiler_c_o_CXX=yes
lt_cv_prog_compiler_pic_works=yes
lt_cv_prog_compiler_pic_works_CXX=yes
lt_cv_prog_compiler_rtti_exceptions=no
lt_cv_prog_compiler_static_works=yes
lt_cv_prog_compiler_static_works_CXX=yes
lt_cv_prog_gnu_ld=yes
lt_cv_prog_gnu_ldcxx=yes
lt_cv_sys_global_symbol_pipe='sed -n -e '\''s/^.*[	 ]\([ABCDGIRSTW][ABCDGIRSTW]*\)[	 ][	 ]*_\([_A-Za-z][_A-Za-z0-9]*\)$/\1 _\2 \2/p'\'''
lt_cv_sys_global_symbol_to_c_name_address='sed -n -e '\''s/^: \([^ ]*\) $/  {\"\1\", (void *) 0},/p'\'' -e '\''s/^[ABCDGIRSTW]* \([^ ]*\) \([^ ]*\)$/  {"\2", (void *) \&\2},/p'\'''
lt_cv_sys_global_symbol_to_c_name_address_lib_prefix='sed -n -e '\''s/^: \([^ ]*\) $/  {\"\1\", (void *) 0},/p'\'' -e '\''s/^[ABCDGIRSTW]* \([^ ]*\) \(lib[^ ]*\)$/  {"\2", (void *) \&\2},/p'\'' -e '\''s/^[ABCDGIRSTW]* \([^ ]*\) \([^ ]*\)$/  {"lib\2", (void *) \&\2},/p'\'''
lt_cv_sys_global_symbol_to_cdecl='sed -n -e '\''s/^T .* \(.*\)$/extern int \1();/p'\'' -e '\''s/^[ABCDGIRSTW]* .* \(.*\)$/extern char \1;/p'\'''
lt_cv_sys_max_cmd_len=8192

## ----------------- ##
## Output variables. ##
## ----------------- ##

ACLOCAL='${SHELL} /cygdrive/e/cocos2dx/cocos2d-x-2.1.4/cocos2d-x-2.1.4/protobuf/gtest/build-aux/missing --run aclocal-1.10'
AMDEPBACKSLASH='\'
AMDEP_FALSE='#'
AMDEP_TRUE=''
AMTAR='${SHELL} /cygdrive/e/cocos2dx/cocos2d-x-2.1.4/cocos2d-x-2.1.4/protobuf/gtest/build-aux/missing --run tar'
AR='ar'
AUTOCONF='${SHELL} /cygdrive/e/cocos2dx/cocos2d-x-2.1.4/cocos2d-x-2.1.4/protobuf/gtest/build-aux/missing --run autoconf'
AUTOHEADER='${SHELL} /cygdrive/e/cocos2dx/cocos2d-x-2.1.4/cocos2d-x-2.1.4/protobuf/gtest/build-aux/missing --run autoheader'
AUTOMAKE='${SHELL} /cygdrive/e/cocos2dx/cocos2d-x-2.1.4/cocos2d-x-2.1.4/protobuf/gtest/build-aux/missing --run automake-1.10'
AWK='gawk'
CC='gcc'
CCDEPMODE='depmode=gcc3'
CFLAGS=''
CPP='gcc -E'
CPPFLAGS=''
CXX='g++'
CXXCPP='g++ -E'
CXXDEPMODE='depmode=gcc3'
CXXFLAGS=' -g -DNDEBUG'
CYGPATH_W='cygpath -w'
DEFS='-DHAVE_CONFIG_H'
DEPDIR='.deps'
DSYMUTIL=''
DUMPBIN=''
ECHO_C=''
ECHO_N='-n'
ECHO_T=''
EGREP='/usr/bin/grep -E'
EXEEXT='.exe'
FGREP='/usr/bin/grep -F'
GREP='/usr/bin/grep'
HAVE_PYTHON_FALSE='#'
HAVE_PYTHON_TRUE=''
INSTALL_DATA='${INSTALL} -m 644'
INSTALL_PROGRAM='${INSTALL}'
INSTALL_SCRIPT='${INSTALL}'
INSTALL_STRIP_PROGRAM='$(install_sh) -c -s'
LD='/usr/i686-pc-cygwin/bin/ld.exe'
LDFLAGS=''
LIBOBJS=''
LIBS=''
LIBTOOL='$(SHELL) $(top_builddir)/libtool'
LIPO=''
LN_S='ln -s'
LTLIBOBJS=''
MAKEINFO='${SHELL} /cygdrive/e/cocos2dx/cocos2d-x-2.1.4/cocos2d-x-2.1.4/protobuf/gtest/build-aux/missing --run makeinfo'
NM='/usr/bin/nm -B'
NMEDIT=''
OBJEXT='o'
OTOOL64=''
OTOOL=''
PACKAGE='gtest'
PACKAGE_BUGREPORT='googletestframework@googlegroups.com'
PACKAGE_NAME='Google C++ Testing Framework'
PACKAGE_STRING='Google C++ Testing Framework 1.4.0'
PACKAGE_TARNAME='gtest'
PACKAGE_VERSION='1.4.0'
PATH_SEPARATOR=':'
PTHREAD_CC='gcc'
PTHREAD_CFLAGS=''
PTHREAD_LIBS=''
PYTHON='/usr/bin/python'
RANLIB='ranlib'
SED='/usr/bin/sed'
SET_MAKE=''
SHELL='/bin/sh'
STRIP='strip'
VERSION='1.4.0'
ac_ct_CC='gcc'
ac_ct_CXX='g++'
ac_ct_DUMPBIN=''
acx_pthread_config=''
am__fastdepCC_FALSE='#'
am__fastdepCC_TRUE=''
am__fastdepCXX_FALSE='#'
am__fastdepCXX_TRUE=''
am__include='include'
am__isrc=''
am__leading_dot='.'
am__quote=''
am__tar='${AMTAR} chof - "$$tardir"'
am__untar='${AMTAR} xf -'
bindir='${exec_prefix}/bin'
build='i686-pc-cygwin'
build_alias=''
build_cpu='i686'
build_os='cygwin'
build_vendor='pc'
datadir='${datarootdir}'
datarootdir='${prefix}/share'
docdir='${datarootdir}/doc/${PACKAGE_TARNAME}'
dvidir='${docdir}'
exec_prefix='${prefix}'
host='i686-pc-cygwin'
host_alias=''
host_cpu='i686'
host_os='cygwin'
host_vendor='pc'
htmldir='${docdir}'
includedir='${prefix}/include'
infodir='${datarootdir}/info'
install_sh='$(SHELL) /cygdrive/e/cocos2dx/cocos2d-x-2.1.4/cocos2d-x-2.1.4/protobuf/gtest/build-aux/install-sh'
libdir='${exec_prefix}/lib'
libexecdir='${exec_prefix}/libexec'
localedir='${datarootdir}/locale'
localstatedir='${prefix}/var'
lt_ECHO='echo'
mandir='${datarootdir}/man'
mkdir_p='/usr/bin/mkdir -p'
oldincludedir='/usr/include'
pdfdir='${docdir}'
prefix='/usr/local'
program_transform_name='s,x,x,'
psdir='${docdir}'
sbindir='${exec_prefix}/sbin'
sharedstatedir='${prefix}/com'
sysconfdir='${prefix}/etc'
target_alias=''

## ----------- ##
## confdefs.h. ##
## ----------- ##

#define PACKAGE_NAME "Google C++ Testing Framework"
#define PACKAGE_TARNAME "gtest"
#define PACKAGE_VERSION "1.4.0"
#define PACKAGE_STRING "Google C++ Testing Framework 1.4.0"
#define PACKAGE_BUGREPORT "googletestframework@googlegroups.com"
#define PACKAGE "gtest"
#define VERSION "1.4.0"
#define STDC_HEADERS 1
#define HAVE_SYS_TYPES_H 1
#define HAVE_SYS_STAT_H 1
#define HAVE_STDLIB_H 1
#define HAVE_STRING_H 1
#define HAVE_MEMORY_H 1
#define HAVE_STRINGS_H 1
#define HAVE_INTTYPES_H 1
#define HAVE_STDINT_H 1
#define HAVE_UNISTD_H 1
#define HAVE_DLFCN_H 1
#define LT_OBJDIR ".libs/"
#define HAVE_PTHREAD 1

configure: exit 0
